<?xml version="1.0" encoding="UTF-8"?>
<!-- Generated by org.testng.reporters.JUnitXMLReporter -->
<testsuite ignored="0" hostname="DESKTOP-9JHPJBD" failures="0" tests="4" name="Test" time="79.845" errors="0" timestamp="2022-06-15T09:41:43 CDT">
  <testcase classname="ETOEProject.Project.validateTitle" name="basePageNavigation" time="0.085"/>
  <testcase classname="ETOEProject.Project.validatenavigationbar" name="basePageNavigation" time="0.076"/>
  <testcase classname="ETOEProject.Project.home" name="basePageNavigation" time="18.285"/>
  <testcase classname="ETOEProject.Project.home" name="basePageNavigation" time="21.656"/>
</testsuite> <!-- Test -->
