<?xml version="1.0" encoding="UTF-8"?>
<!-- Generated by org.testng.reporters.JUnitXMLReporter -->
<testsuite ignored="0" hostname="DESKTOP-9JHPJBD" failures="0" tests="4" name="Test" time="86.876" errors="0" timestamp="2022-06-15T10:35:37 CDT">
  <testcase classname="ETOEProject.Project.validateTitle" name="basePageNavigation" time="0.093"/>
  <testcase classname="ETOEProject.Project.validatenavigationbar" name="basePageNavigation" time="0.087"/>
  <testcase classname="ETOEProject.Project.home" name="basePageNavigation" time="22.149"/>
  <testcase classname="ETOEProject.Project.home" name="basePageNavigation" time="20.839"/>
</testsuite> <!-- Test -->
