<?xml version="1.0" encoding="UTF-8"?>
<testng-results ignored="0" total="4" passed="3" failed="1" skipped="0">
  <reporter-output>
  </reporter-output>
  <suite started-at="2022-06-17T08:28:09 CDT" name="Suite" finished-at="2022-06-17T08:29:13 CDT" duration-ms="63138">
    <groups>
    </groups>
    <test started-at="2022-06-17T08:28:09 CDT" name="apptest" finished-at="2022-06-17T08:28:10 CDT" duration-ms="56">
    </test> <!-- apptest -->
    <test started-at="2022-06-17T08:28:09 CDT" name="validatetest" finished-at="2022-06-17T08:28:36 CDT" duration-ms="26993">
      <class name="ETOEProject.Project.validateTitle">
        <test-method is-config="true" signature="initialize()[pri:0, instance:ETOEProject.Project.validateTitle@3bb9efbc]" started-at="2022-06-17T08:28:10 CDT" name="initialize" finished-at="2022-06-17T08:28:36 CDT" duration-ms="25982" status="PASS">
          <reporter-output>
          </reporter-output>
        </test-method> <!-- initialize -->
        <test-method signature="basePageNavigation()[pri:0, instance:ETOEProject.Project.validateTitle@3bb9efbc]" started-at="2022-06-17T08:28:36 CDT" name="basePageNavigation" finished-at="2022-06-17T08:28:36 CDT" duration-ms="121" status="PASS">
          <reporter-output>
          </reporter-output>
        </test-method> <!-- basePageNavigation -->
        <test-method is-config="true" signature="Teardown()[pri:0, instance:ETOEProject.Project.validateTitle@3bb9efbc]" started-at="2022-06-17T08:28:36 CDT" name="Teardown" finished-at="2022-06-17T08:28:36 CDT" duration-ms="781" status="PASS">
          <reporter-output>
          </reporter-output>
        </test-method> <!-- Teardown -->
      </class> <!-- ETOEProject.Project.validateTitle -->
    </test> <!-- validatetest -->
    <test started-at="2022-06-17T08:28:09 CDT" name="validatenavigattionbar" finished-at="2022-06-17T08:28:37 CDT" duration-ms="27116">
      <class name="ETOEProject.Project.validatenavigationbar">
        <test-method is-config="true" signature="initialize()[pri:0, instance:ETOEProject.Project.validatenavigationbar@f325091]" started-at="2022-06-17T08:28:10 CDT" name="initialize" finished-at="2022-06-17T08:28:36 CDT" duration-ms="26387" status="PASS">
          <reporter-output>
          </reporter-output>
        </test-method> <!-- initialize -->
        <test-method signature="basePageNavigation()[pri:0, instance:ETOEProject.Project.validatenavigationbar@f325091]" started-at="2022-06-17T08:28:36 CDT" name="basePageNavigation" finished-at="2022-06-17T08:28:36 CDT" duration-ms="101" status="PASS">
          <reporter-output>
          </reporter-output>
        </test-method> <!-- basePageNavigation -->
        <test-method is-config="true" signature="Teardown()[pri:0, instance:ETOEProject.Project.validatenavigationbar@f325091]" started-at="2022-06-17T08:28:36 CDT" name="Teardown" finished-at="2022-06-17T08:28:37 CDT" duration-ms="573" status="PASS">
          <reporter-output>
          </reporter-output>
        </test-method> <!-- Teardown -->
      </class> <!-- ETOEProject.Project.validatenavigationbar -->
    </test> <!-- validatenavigattionbar -->
    <test started-at="2022-06-17T08:28:09 CDT" name="validate homepage" finished-at="2022-06-17T08:29:13 CDT" duration-ms="63137">
      <class name="ETOEProject.Project.home">
        <test-method is-config="true" signature="initialize()[pri:0, instance:ETOEProject.Project.home@58cd06cb]" started-at="2022-06-17T08:28:10 CDT" name="initialize" finished-at="2022-06-17T08:28:36 CDT" duration-ms="26277" status="PASS">
          <reporter-output>
          </reporter-output>
        </test-method> <!-- initialize -->
        <test-method signature="basePageNavigation(java.lang.String,java.lang.String,java.lang.String)[pri:0, instance:ETOEProject.Project.home@58cd06cb]" started-at="2022-06-17T08:28:36 CDT" name="basePageNavigation" data-provider="getData" finished-at="2022-06-17T08:28:54 CDT" duration-ms="18540" status="FAIL">
          <params>
            <param index="0">
              <value>
                <![CDATA[nonrestrictedusername]]>
              </value>
            </param>
            <param index="1">
              <value>
                <![CDATA[12345]]>
              </value>
            </param>
            <param index="2">
              <value>
                <![CDATA[restricted user]]>
              </value>
            </param>
          </params>
          <exception class="org.openqa.selenium.StaleElementReferenceException">
            <message>
              <![CDATA[stale element reference: element is not attached to the page document
  (Session info: chrome=102.0.5005.115)
For documentation on this error, please visit: https://selenium.dev/exceptions/#stale_element_reference
Build info: version: '4.2.2', revision: '683ccb65d6'
System info: host: 'DESKTOP-9JHPJBD', ip: '192.168.0.107', os.name: 'Windows 10', os.arch: 'amd64', os.version: '10.0', java.version: '11.0.14'
Driver info: org.openqa.selenium.chrome.ChromeDriver
Command: [52b5d26897ee777028e8837f2dbfda85, sendKeysToElement {id=cecdfd42-ca80-4f0e-9a2d-b7df61572e75, value=[Ljava.lang.CharSequence;@74056707}]
Capabilities {acceptInsecureCerts: false, browserName: chrome, browserVersion: 102.0.5005.115, chrome: {chromedriverVersion: 102.0.5005.61 (0e59bcc00cc4..., userDataDir: C:\Users\ADMINI~1\AppData\L...}, goog:chromeOptions: {debuggerAddress: localhost:62199}, networkConnectionEnabled: false, pageLoadStrategy: normal, platformName: WINDOWS, proxy: Proxy(), se:cdp: ws://localhost:62199/devtoo..., se:cdpVersion: 102.0.5005.115, setWindowRect: true, strictFileInteractability: false, timeouts: {implicit: 0, pageLoad: 300000, script: 30000}, unhandledPromptBehavior: dismiss and notify, webauthn:extension:credBlob: true, webauthn:extension:largeBlob: true, webauthn:virtualAuthenticators: true}
Element: [[ChromeDriver: chrome on WINDOWS (52b5d26897ee777028e8837f2dbfda85)] -> id: email]
Session ID: 52b5d26897ee777028e8837f2dbfda85]]>
            </message>
            <full-stacktrace>
              <![CDATA[org.openqa.selenium.StaleElementReferenceException: stale element reference: element is not attached to the page document
  (Session info: chrome=102.0.5005.115)
For documentation on this error, please visit: https://selenium.dev/exceptions/#stale_element_reference
Build info: version: '4.2.2', revision: '683ccb65d6'
System info: host: 'DESKTOP-9JHPJBD', ip: '192.168.0.107', os.name: 'Windows 10', os.arch: 'amd64', os.version: '10.0', java.version: '11.0.14'
Driver info: org.openqa.selenium.chrome.ChromeDriver
Command: [52b5d26897ee777028e8837f2dbfda85, sendKeysToElement {id=cecdfd42-ca80-4f0e-9a2d-b7df61572e75, value=[Ljava.lang.CharSequence;@74056707}]
Capabilities {acceptInsecureCerts: false, browserName: chrome, browserVersion: 102.0.5005.115, chrome: {chromedriverVersion: 102.0.5005.61 (0e59bcc00cc4..., userDataDir: C:\Users\ADMINI~1\AppData\L...}, goog:chromeOptions: {debuggerAddress: localhost:62199}, networkConnectionEnabled: false, pageLoadStrategy: normal, platformName: WINDOWS, proxy: Proxy(), se:cdp: ws://localhost:62199/devtoo..., se:cdpVersion: 102.0.5005.115, setWindowRect: true, strictFileInteractability: false, timeouts: {implicit: 0, pageLoad: 300000, script: 30000}, unhandledPromptBehavior: dismiss and notify, webauthn:extension:credBlob: true, webauthn:extension:largeBlob: true, webauthn:virtualAuthenticators: true}
Element: [[ChromeDriver: chrome on WINDOWS (52b5d26897ee777028e8837f2dbfda85)] -> id: email]
Session ID: 52b5d26897ee777028e8837f2dbfda85
at java.base/jdk.internal.reflect.NativeConstructorAccessorImpl.newInstance0(Native Method)
at java.base/jdk.internal.reflect.NativeConstructorAccessorImpl.newInstance(NativeConstructorAccessorImpl.java:62)
at java.base/jdk.internal.reflect.DelegatingConstructorAccessorImpl.newInstance(DelegatingConstructorAccessorImpl.java:45)
at java.base/java.lang.reflect.Constructor.newInstance(Constructor.java:490)
at org.openqa.selenium.remote.codec.w3c.W3CHttpResponseCodec.createException(W3CHttpResponseCodec.java:200)
at org.openqa.selenium.remote.codec.w3c.W3CHttpResponseCodec.decode(W3CHttpResponseCodec.java:133)
at org.openqa.selenium.remote.codec.w3c.W3CHttpResponseCodec.decode(W3CHttpResponseCodec.java:53)
at org.openqa.selenium.remote.HttpCommandExecutor.execute(HttpCommandExecutor.java:184)
at org.openqa.selenium.remote.service.DriverCommandExecutor.invokeExecute(DriverCommandExecutor.java:167)
at org.openqa.selenium.remote.service.DriverCommandExecutor.execute(DriverCommandExecutor.java:142)
at org.openqa.selenium.remote.RemoteWebDriver.execute(RemoteWebDriver.java:588)
at org.openqa.selenium.remote.RemoteWebElement.execute(RemoteWebElement.java:257)
at org.openqa.selenium.remote.RemoteWebElement.sendKeys(RemoteWebElement.java:113)
at ETOEProject.Project.home.basePageNavigation(home.java:40)
at java.base/jdk.internal.reflect.NativeMethodAccessorImpl.invoke0(Native Method)
at java.base/jdk.internal.reflect.NativeMethodAccessorImpl.invoke(NativeMethodAccessorImpl.java:62)
at java.base/jdk.internal.reflect.DelegatingMethodAccessorImpl.invoke(DelegatingMethodAccessorImpl.java:43)
at java.base/java.lang.reflect.Method.invoke(Method.java:566)
at org.testng.internal.invokers.MethodInvocationHelper.invokeMethod(MethodInvocationHelper.java:139)
at org.testng.internal.invokers.TestInvoker.invokeMethod(TestInvoker.java:677)
at org.testng.internal.invokers.TestInvoker.invokeTestMethod(TestInvoker.java:221)
at org.testng.internal.invokers.MethodRunner.runInSequence(MethodRunner.java:50)
at org.testng.internal.invokers.TestInvoker$MethodInvocationAgent.invoke(TestInvoker.java:962)
at org.testng.internal.invokers.TestInvoker.invokeTestMethods(TestInvoker.java:194)
at org.testng.internal.invokers.TestMethodWorker.invokeTestMethods(TestMethodWorker.java:148)
at org.testng.internal.invokers.TestMethodWorker.run(TestMethodWorker.java:128)
at java.base/java.util.ArrayList.forEach(ArrayList.java:1541)
at org.testng.TestRunner.privateRun(TestRunner.java:806)
at org.testng.TestRunner.run(TestRunner.java:601)
at org.testng.SuiteRunner.runTest(SuiteRunner.java:433)
at org.testng.SuiteRunner$SuiteWorker.run(SuiteRunner.java:471)
at org.testng.internal.thread.ThreadUtil.lambda$execute$0(ThreadUtil.java:58)
at java.base/java.util.concurrent.FutureTask.run(FutureTask.java:264)
at java.base/java.util.concurrent.ThreadPoolExecutor.runWorker(ThreadPoolExecutor.java:1128)
at java.base/java.util.concurrent.ThreadPoolExecutor$Worker.run(ThreadPoolExecutor.java:628)
at java.base/java.lang.Thread.run(Thread.java:834)
]]>
            </full-stacktrace>
          </exception> <!-- org.openqa.selenium.StaleElementReferenceException -->
          <reporter-output>
          </reporter-output>
        </test-method> <!-- basePageNavigation -->
        <test-method signature="basePageNavigation(java.lang.String,java.lang.String,java.lang.String)[pri:0, instance:ETOEProject.Project.home@58cd06cb]" started-at="2022-06-17T08:28:55 CDT" name="basePageNavigation" data-provider="getData" finished-at="2022-06-17T08:29:12 CDT" duration-ms="17846" status="PASS">
          <params>
            <param index="0">
              <value>
                <![CDATA[nonrestrictedusername]]>
              </value>
            </param>
            <param index="1">
              <value>
                <![CDATA[123453]]>
              </value>
            </param>
            <param index="2">
              <value>
                <![CDATA[Non restricted user]]>
              </value>
            </param>
          </params>
          <reporter-output>
          </reporter-output>
        </test-method> <!-- basePageNavigation -->
        <test-method is-config="true" signature="Teardown()[pri:0, instance:ETOEProject.Project.home@58cd06cb]" started-at="2022-06-17T08:29:12 CDT" name="Teardown" finished-at="2022-06-17T08:29:13 CDT" duration-ms="208" status="PASS">
          <reporter-output>
          </reporter-output>
        </test-method> <!-- Teardown -->
      </class> <!-- ETOEProject.Project.home -->
    </test> <!-- validate homepage -->
  </suite> <!-- Suite -->
</testng-results>
