<?xml version="1.0" encoding="UTF-8"?>
<testng-results ignored="0" total="2" passed="2" failed="0" skipped="0">
  <reporter-output>
  </reporter-output>
  <suite started-at="2022-06-16T12:51:58 CDT" name="Default suite" finished-at="2022-06-16T12:52:46 CDT" duration-ms="47534">
    <groups>
    </groups>
    <test started-at="2022-06-16T12:51:58 CDT" name="Default test" finished-at="2022-06-16T12:52:46 CDT" duration-ms="47534">
      <class name="ETOEProject.Project.home">
        <test-method is-config="true" signature="initialize()[pri:0, instance:ETOEProject.Project.home@675d8c96]" started-at="2022-06-16T12:51:58 CDT" name="initialize" finished-at="2022-06-16T12:52:08 CDT" duration-ms="10109" status="PASS">
          <reporter-output>
          </reporter-output>
        </test-method> <!-- initialize -->
        <test-method signature="basePageNavigation(java.lang.String,java.lang.String,java.lang.String)[pri:0, instance:ETOEProject.Project.home@675d8c96]" started-at="2022-06-16T12:52:08 CDT" name="basePageNavigation" data-provider="getData" finished-at="2022-06-16T12:52:25 CDT" duration-ms="16376" status="PASS">
          <params>
            <param index="0">
              <value>
                <![CDATA[nonrestrictedusername]]>
              </value>
            </param>
            <param index="1">
              <value>
                <![CDATA[12345]]>
              </value>
            </param>
            <param index="2">
              <value>
                <![CDATA[restricted user]]>
              </value>
            </param>
          </params>
          <reporter-output>
          </reporter-output>
        </test-method> <!-- basePageNavigation -->
        <test-method signature="basePageNavigation(java.lang.String,java.lang.String,java.lang.String)[pri:0, instance:ETOEProject.Project.home@675d8c96]" started-at="2022-06-16T12:52:25 CDT" name="basePageNavigation" data-provider="getData" finished-at="2022-06-16T12:52:46 CDT" duration-ms="20719" status="PASS">
          <params>
            <param index="0">
              <value>
                <![CDATA[nonrestrictedusername]]>
              </value>
            </param>
            <param index="1">
              <value>
                <![CDATA[123453]]>
              </value>
            </param>
            <param index="2">
              <value>
                <![CDATA[Non restricted user]]>
              </value>
            </param>
          </params>
          <reporter-output>
          </reporter-output>
        </test-method> <!-- basePageNavigation -->
        <test-method is-config="true" signature="Teardown()[pri:0, instance:ETOEProject.Project.home@675d8c96]" started-at="2022-06-16T12:52:46 CDT" name="Teardown" finished-at="2022-06-16T12:52:46 CDT" duration-ms="246" status="PASS">
          <reporter-output>
          </reporter-output>
        </test-method> <!-- Teardown -->
      </class> <!-- ETOEProject.Project.home -->
    </test> <!-- Default test -->
  </suite> <!-- Default suite -->
</testng-results>
